<?xml version="1.0" encoding="UTF-8"?>
<!-- Generated by org.testng.reporters.JUnitXMLReporter -->
<testsuite ignored="0" hostname="LTIN478174" failures="0" tests="9" name="Default test" time="0.119" errors="0" timestamp="2024-03-27T14:52:20 IST">
  <testcase classname="testCases.TestBase" name="@BeforeTest setup" time="-1.71153134016E9">
    <failure type="org.testng.TestNGException" message="
Parameter &amp;apos;browser&amp;apos; is required by BeforeTest on method setup but has not been marked @Optional or defined
in C:\Users\2321802\AppData\Local\Temp\1\testng-eclipse--271320434\testng-customsuite.xml">
      <![CDATA[org.testng.TestNGException: 
Parameter 'browser' is required by BeforeTest on method setup but has not been marked @Optional or defined
in C:\Users\2321802\AppData\Local\Temp\1\testng-eclipse--271320434\testng-customsuite.xml
at org.testng.internal.Parameters.createParams(Parameters.java:270)
at org.testng.internal.Parameters.createParametersForMethod(Parameters.java:358)
at org.testng.internal.Parameters.createParameters(Parameters.java:700)
at org.testng.internal.Parameters.createConfigurationParameters(Parameters.java:168)
at org.testng.internal.ConfigInvoker.invokeConfigurations(ConfigInvoker.java:302)
at org.testng.TestRunner.invokeTestConfigurations(TestRunner.java:637)
at org.testng.TestRunner.beforeRun(TestRunner.java:627)
at org.testng.TestRunner.run(TestRunner.java:589)
at org.testng.SuiteRunner.runTest(SuiteRunner.java:377)
at org.testng.SuiteRunner.runSequentially(SuiteRunner.java:371)
at org.testng.SuiteRunner.privateRun(SuiteRunner.java:332)
at org.testng.SuiteRunner.run(SuiteRunner.java:276)
at org.testng.SuiteRunnerWorker.runSuite(SuiteRunnerWorker.java:53)
at org.testng.SuiteRunnerWorker.run(SuiteRunnerWorker.java:96)
at org.testng.TestNG.runSuitesSequentially(TestNG.java:1212)
at org.testng.TestNG.runSuitesLocally(TestNG.java:1134)
at org.testng.TestNG.runSuites(TestNG.java:1063)
at org.testng.TestNG.run(TestNG.java:1031)
at org.testng.remote.AbstractRemoteTestNG.run(AbstractRemoteTestNG.java:115)
at org.testng.remote.RemoteTestNG.initAndRun(RemoteTestNG.java:251)
at org.testng.remote.RemoteTestNG.main(RemoteTestNG.java:77)
]]>
    </failure>
  </testcase> <!-- @BeforeTest setup -->
  <testcase classname="testCases.TestBase" name="@AfterClass TearDown" time="-1.711531340271E9">
    <skipped/>
  </testcase> <!-- @AfterClass TearDown -->
  <testcase classname="testCases.ServiceTest" name="login" time="0.0">
    <skipped/>
  </testcase> <!-- login -->
  <testcase classname="testCases.ServiceTest" name="cases" time="0.0">
    <skipped/>
  </testcase> <!-- cases -->
  <testcase classname="testCases.ServiceTest" name="casedetails" time="0.0">
    <skipped/>
  </testcase> <!-- casedetails -->
  <testcase classname="testCases.ServiceTest" name="cloneCase" time="0.0">
    <skipped/>
  </testcase> <!-- cloneCase -->
  <testcase classname="testCases.ServiceTest" name="checkclone" time="0.0">
    <skipped/>
  </testcase> <!-- checkclone -->
  <testcase classname="testCases.ServiceTest" name="Escalate" time="0.0">
    <skipped/>
  </testcase> <!-- Escalate -->
  <testcase classname="testCases.ServiceTest" name="checkStatus" time="0.0">
    <skipped/>
  </testcase> <!-- checkStatus -->
  <testcase classname="testCases.ServiceTest" name="email" time="0.0">
    <skipped/>
  </testcase> <!-- email -->
  <testcase classname="testCases.ServiceTest" name="SLA" time="0.0">
    <skipped/>
  </testcase> <!-- SLA -->
</testsuite> <!-- Default test -->
